['A woman walking through a city in the rain\n', 'A woman on the deck of a cruise ship']
1007
1007
['A woman walking through a city in the rain\n', 'A woman on the deck of a cruise ship']
1007
1007
['A customer checking out at a supermarket\n', 'People staring at a strange light coming from the groung']
1007
1007
['A customer checking out at a supermarket\n', 'People staring at a strange light coming from the groung']
1007
1007
['A man throwing a frisbee on the beach\n', 'A man playing sports in a crowded stadium']
1007
1007
['A man throwing a frisbee on the beach\n', 'A man playing sports in a crowded stadium']
1007
1007
['A woman and a child sat in a cozy cafe with a cup of coffee\n', 'A woman and a child sat at home with the northern lights brightly shining outside']
1007
1007
['A woman and a child sat in a cozy cafe with a cup of coffee\n', 'A woman and a child sat at home with the northern lights brightly shining outside']
1007
1007
['A surfer launching off a huge wave\n', 'A man skateboarding off a jump from a building']
1007
1007
['A surfer launching off a huge wave\n', 'A man skateboarding off a jump from a building']
1007
1007
['A woman walking through a city in the rain\n', 'A woman on the deck of a cruise ship']
1007
1007
['A woman walking through a city in the rain\n', 'A woman on the deck of a cruise ship']
1007
1007
['A customer checking out at a supermarket\n', 'People staring at a strange light coming from the groung']
1007
1007
['A customer checking out at a supermarket\n', 'People staring at a strange light coming from the groung']
1007
1007
['A man throwing a frisbee on the beach\n', 'A man playing sports in a crowded stadium']
1007
1007
['A man throwing a frisbee on the beach\n', 'A man playing sports in a crowded stadium']
1007
1007
['A woman and a child sat in a cozy cafe with a cup of coffee\n', 'A woman and a child sat at home with the northern lights brightly shining outside']
1007
1007
['A woman and a child sat in a cozy cafe with a cup of coffee\n', 'A woman and a child sat at home with the northern lights brightly shining outside']
1007
1007
['A surfer launching off a huge wave\n', 'A man skateboarding off a jump from a building']
1007
1007
['A surfer launching off a huge wave\n', 'A man skateboarding off a jump from a building']
1007
1007
