Loading python-ml/22-12-21-python3.9
  Loading requirement: CUDA/11.6.0

CommandNotFoundError: Your shell has not been properly configured to use 'conda activate'.
To initialize your shell, run

    $ conda init <SHELL_NAME>

Currently supported shells are:
  - bash
  - fish
  - tcsh
  - xonsh
  - zsh
  - powershell

See 'conda init --help' for more information and options.

IMPORTANT: You may need to close and restart your shell after running 'conda init'.


/var/spool/slurmd/job991924/slurm_script: line 19: cd: /dcs/21/u2102915/CS407/DDD/: No such file or directory
[I 17:33:08.040 NotebookApp] Serving notebooks from local directory: /dcs/large/u2102915/CS407/DDD
[I 17:33:08.040 NotebookApp] Jupyter Notebook 6.5.2 is running at:
[I 17:33:08.040 NotebookApp] http://falcon-03:11888/?token=584e1a3d89cc9c4b313a392c97ce43d88bf5a49e4be93f3b
[I 17:33:08.040 NotebookApp]  or http://127.0.0.1:11888/?token=584e1a3d89cc9c4b313a392c97ce43d88bf5a49e4be93f3b
[I 17:33:08.040 NotebookApp] Use Control-C to stop this server and shut down all kernels (twice to skip confirmation).
[C 17:33:08.050 NotebookApp] 
    
    To access the notebook, open this file in a browser:
        file:///dcs/21/u2102915/.local/share/jupyter/runtime/nbserver-94508-open.html
    Or copy and paste one of these URLs:
        http://falcon-03:11888/?token=584e1a3d89cc9c4b313a392c97ce43d88bf5a49e4be93f3b
     or http://127.0.0.1:11888/?token=584e1a3d89cc9c4b313a392c97ce43d88bf5a49e4be93f3b
[I 17:34:03.610 NotebookApp] 302 GET /?token=584e1a3d89cc9c4b313a392c97ce43d88bf5a49e4be93f3b (137.205.113.129) 0.230000ms
[W 17:34:36.747 NotebookApp] 404 GET /nbextensions/widgets/notebook/js/extension.js?v=20241106173307 (137.205.113.129) 10.550000ms referer=http://127.0.0.1:11888/notebooks/attack.ipynb
[I 17:34:37.275 NotebookApp] Kernel started: b3efa4c9-c72d-4dbb-b88f-b13918008562, name: myenv
[I 17:34:43.034 NotebookApp] Starting buffering for b3efa4c9-c72d-4dbb-b88f-b13918008562:669e713ed9e646d2b6abd07c8683d808
[I 17:34:43.161 NotebookApp] Kernel restarted: b3efa4c9-c72d-4dbb-b88f-b13918008562
[I 17:34:43.194 NotebookApp] Restoring connection for b3efa4c9-c72d-4dbb-b88f-b13918008562:669e713ed9e646d2b6abd07c8683d808
[I 17:34:44.199 NotebookApp] Replaying 3 buffered messages
[I 17:34:46.851 NotebookApp] Kernel interrupted: b3efa4c9-c72d-4dbb-b88f-b13918008562
[I 17:35:02.482 NotebookApp] Starting buffering for b3efa4c9-c72d-4dbb-b88f-b13918008562:669e713ed9e646d2b6abd07c8683d808
[I 17:35:03.010 NotebookApp] Kernel restarted: b3efa4c9-c72d-4dbb-b88f-b13918008562
[I 17:35:03.051 NotebookApp] Restoring connection for b3efa4c9-c72d-4dbb-b88f-b13918008562:669e713ed9e646d2b6abd07c8683d808
[I 17:35:04.057 NotebookApp] Replaying 3 buffered messages
2024-11-06 17:35:06.889225: I tensorflow/core/platform/cpu_feature_guard.cc:193] This TensorFlow binary is optimized with oneAPI Deep Neural Network Library (oneDNN) to use the following CPU instructions in performance-critical operations:  AVX2 AVX512F AVX512_VNNI FMA
To enable them in other operations, rebuild TensorFlow with the appropriate compiler flags.
2024-11-06 17:35:07.332875: I tensorflow/core/util/port.cc:104] oneDNN custom operations are on. You may see slightly different numerical results due to floating-point round-off errors from different computation orders. To turn them off, set the environment variable `TF_ENABLE_ONEDNN_OPTS=0`.
2024-11-06 17:35:09.110531: W tensorflow/compiler/xla/stream_executor/platform/default/dso_loader.cc:64] Could not load dynamic library 'libnvinfer.so.7'; dlerror: libnvinfer.so.7: cannot open shared object file: No such file or directory; LD_LIBRARY_PATH: /local/java/cuda-11.6.0/lib64/:/local/java/cudnn-linux-x86_64-8.5.0.96_cuda11-archive/lib/:/local/java/cuda-12.6.2/lib64/:/local/java/cudnn-linux-x86_64-9.5.1.17_cuda12-archive/lib/:/modules/cs325/llvm-17.0.1/lib:/local/java/gcc-12.2.0/lib64
2024-11-06 17:35:09.111598: W tensorflow/compiler/xla/stream_executor/platform/default/dso_loader.cc:64] Could not load dynamic library 'libnvinfer_plugin.so.7'; dlerror: libnvinfer_plugin.so.7: cannot open shared object file: No such file or directory; LD_LIBRARY_PATH: /local/java/cuda-11.6.0/lib64/:/local/java/cudnn-linux-x86_64-8.5.0.96_cuda11-archive/lib/:/local/java/cuda-12.6.2/lib64/:/local/java/cudnn-linux-x86_64-9.5.1.17_cuda12-archive/lib/:/modules/cs325/llvm-17.0.1/lib:/local/java/gcc-12.2.0/lib64
2024-11-06 17:35:09.111604: W tensorflow/compiler/tf2tensorrt/utils/py_utils.cc:38] TF-TRT Warning: Cannot dlopen some TensorRT libraries. If you would like to use Nvidia GPU with TensorRT, please make sure the missing libraries mentioned above are installed properly.
[I 17:36:37.284 NotebookApp] Saving file at /attack.ipynb
[I 17:38:37.276 NotebookApp] Saving file at /attack.ipynb
[I 17:40:37.282 NotebookApp] Saving file at /attack.ipynb
[I 17:42:37.281 NotebookApp] Saving file at /attack.ipynb
[I 17:44:37.286 NotebookApp] Saving file at /attack.ipynb
[I 17:46:37.285 NotebookApp] Saving file at /attack.ipynb
[I 17:48:37.293 NotebookApp] Saving file at /attack.ipynb
Error: no DISPLAY environment variable specified
Error: no DISPLAY environment variable specified
xdg-open: no method available for opening '/tmp/dcs-tmp.u2102915/tmps_z9sj0u.PNG'
[I 17:50:37.400 NotebookApp] Saving file at /attack.ipynb
[I 17:53:16.196 NotebookApp] Starting buffering for b3efa4c9-c72d-4dbb-b88f-b13918008562:669e713ed9e646d2b6abd07c8683d808
[I 17:53:19.664 NotebookApp] Kernel restarted: b3efa4c9-c72d-4dbb-b88f-b13918008562
[I 17:53:19.715 NotebookApp] Restoring connection for b3efa4c9-c72d-4dbb-b88f-b13918008562:669e713ed9e646d2b6abd07c8683d808
[I 17:53:19.716 NotebookApp] Replaying 1 buffered messages
2024-11-06 17:53:22.284366: I tensorflow/core/platform/cpu_feature_guard.cc:193] This TensorFlow binary is optimized with oneAPI Deep Neural Network Library (oneDNN) to use the following CPU instructions in performance-critical operations:  AVX2 AVX512F AVX512_VNNI FMA
To enable them in other operations, rebuild TensorFlow with the appropriate compiler flags.
2024-11-06 17:53:22.362491: I tensorflow/core/util/port.cc:104] oneDNN custom operations are on. You may see slightly different numerical results due to floating-point round-off errors from different computation orders. To turn them off, set the environment variable `TF_ENABLE_ONEDNN_OPTS=0`.
2024-11-06 17:53:23.092952: W tensorflow/compiler/xla/stream_executor/platform/default/dso_loader.cc:64] Could not load dynamic library 'libnvinfer.so.7'; dlerror: libnvinfer.so.7: cannot open shared object file: No such file or directory; LD_LIBRARY_PATH: /local/java/cuda-11.6.0/lib64/:/local/java/cudnn-linux-x86_64-8.5.0.96_cuda11-archive/lib/:/local/java/cuda-12.6.2/lib64/:/local/java/cudnn-linux-x86_64-9.5.1.17_cuda12-archive/lib/:/modules/cs325/llvm-17.0.1/lib:/local/java/gcc-12.2.0/lib64
2024-11-06 17:53:23.093013: W tensorflow/compiler/xla/stream_executor/platform/default/dso_loader.cc:64] Could not load dynamic library 'libnvinfer_plugin.so.7'; dlerror: libnvinfer_plugin.so.7: cannot open shared object file: No such file or directory; LD_LIBRARY_PATH: /local/java/cuda-11.6.0/lib64/:/local/java/cudnn-linux-x86_64-8.5.0.96_cuda11-archive/lib/:/local/java/cuda-12.6.2/lib64/:/local/java/cudnn-linux-x86_64-9.5.1.17_cuda12-archive/lib/:/modules/cs325/llvm-17.0.1/lib:/local/java/gcc-12.2.0/lib64
2024-11-06 17:53:23.093017: W tensorflow/compiler/tf2tensorrt/utils/py_utils.cc:38] TF-TRT Warning: Cannot dlopen some TensorRT libraries. If you would like to use Nvidia GPU with TensorRT, please make sure the missing libraries mentioned above are installed properly.
[I 17:54:37.406 NotebookApp] Saving file at /attack.ipynb
[I 17:57:00.220 NotebookApp] Saving file at /attack.ipynb
[I 17:59:00.239 NotebookApp] Saving file at /attack.ipynb
[I 18:01:00.245 NotebookApp] Saving file at /attack.ipynb
[I 18:03:00.244 NotebookApp] Saving file at /attack.ipynb
[I 18:05:00.239 NotebookApp] Saving file at /attack.ipynb
[I 18:07:00.240 NotebookApp] Saving file at /attack.ipynb
Error: no DISPLAY environment variable specified
Error: no DISPLAY environment variable specified
xdg-open: no method available for opening '/tmp/dcs-tmp.u2102915/tmp0rwq6br0.PNG'
[I 18:09:00.638 NotebookApp] Saving file at /attack.ipynb
[I 18:19:02.241 NotebookApp] Saving file at /attack.ipynb
[I 18:21:02.524 NotebookApp] Saving file at /attack.ipynb
[W 18:41:19.716 NotebookApp] WebSocket ping timeout after 119882 ms.
[I 18:41:24.720 NotebookApp] Starting buffering for b3efa4c9-c72d-4dbb-b88f-b13918008562:669e713ed9e646d2b6abd07c8683d808
[I 21:04:16.934 NotebookApp] Kernel restarted: b3efa4c9-c72d-4dbb-b88f-b13918008562
[I 21:04:17.079 NotebookApp] Restoring connection for b3efa4c9-c72d-4dbb-b88f-b13918008562:669e713ed9e646d2b6abd07c8683d808
[I 21:04:17.604 NotebookApp] Replaying 1 buffered messages
[I 21:05:43.053 NotebookApp] Saving file at /attack.ipynb
[I 21:10:39.140 NotebookApp] Starting buffering for b3efa4c9-c72d-4dbb-b88f-b13918008562:669e713ed9e646d2b6abd07c8683d808
[I 21:10:39.310 NotebookApp] Kernel restarted: b3efa4c9-c72d-4dbb-b88f-b13918008562
[I 21:10:39.346 NotebookApp] Restoring connection for b3efa4c9-c72d-4dbb-b88f-b13918008562:669e713ed9e646d2b6abd07c8683d808
[I 21:10:40.108 NotebookApp] Replaying 3 buffered messages
2024-11-06 21:10:42.205566: I tensorflow/core/platform/cpu_feature_guard.cc:193] This TensorFlow binary is optimized with oneAPI Deep Neural Network Library (oneDNN) to use the following CPU instructions in performance-critical operations:  AVX2 AVX512F AVX512_VNNI FMA
To enable them in other operations, rebuild TensorFlow with the appropriate compiler flags.
2024-11-06 21:10:42.286218: I tensorflow/core/util/port.cc:104] oneDNN custom operations are on. You may see slightly different numerical results due to floating-point round-off errors from different computation orders. To turn them off, set the environment variable `TF_ENABLE_ONEDNN_OPTS=0`.
2024-11-06 21:10:43.070646: W tensorflow/compiler/xla/stream_executor/platform/default/dso_loader.cc:64] Could not load dynamic library 'libnvinfer.so.7'; dlerror: libnvinfer.so.7: cannot open shared object file: No such file or directory; LD_LIBRARY_PATH: /local/java/cuda-11.6.0/lib64/:/local/java/cudnn-linux-x86_64-8.5.0.96_cuda11-archive/lib/:/local/java/cuda-12.6.2/lib64/:/local/java/cudnn-linux-x86_64-9.5.1.17_cuda12-archive/lib/:/modules/cs325/llvm-17.0.1/lib:/local/java/gcc-12.2.0/lib64
2024-11-06 21:10:43.071736: W tensorflow/compiler/xla/stream_executor/platform/default/dso_loader.cc:64] Could not load dynamic library 'libnvinfer_plugin.so.7'; dlerror: libnvinfer_plugin.so.7: cannot open shared object file: No such file or directory; LD_LIBRARY_PATH: /local/java/cuda-11.6.0/lib64/:/local/java/cudnn-linux-x86_64-8.5.0.96_cuda11-archive/lib/:/local/java/cuda-12.6.2/lib64/:/local/java/cudnn-linux-x86_64-9.5.1.17_cuda12-archive/lib/:/modules/cs325/llvm-17.0.1/lib:/local/java/gcc-12.2.0/lib64
2024-11-06 21:10:43.071742: W tensorflow/compiler/tf2tensorrt/utils/py_utils.cc:38] TF-TRT Warning: Cannot dlopen some TensorRT libraries. If you would like to use Nvidia GPU with TensorRT, please make sure the missing libraries mentioned above are installed properly.
[I 21:11:43.041 NotebookApp] Saving file at /attack.ipynb
[I 21:13:43.050 NotebookApp] Saving file at /attack.ipynb
[I 21:15:43.035 NotebookApp] Saving file at /attack.ipynb
[I 21:17:43.049 NotebookApp] Saving file at /attack.ipynb
[I 21:19:43.043 NotebookApp] Saving file at /attack.ipynb
[I 21:21:43.035 NotebookApp] Saving file at /attack.ipynb
[I 21:23:43.130 NotebookApp] Saving file at /attack.ipynb
Error: no DISPLAY environment variable specified
Error: no DISPLAY environment variable specified
xdg-open: no method available for opening '/tmp/dcs-tmp.u2102915/tmpjjqv2knm.PNG'
[I 21:26:01.623 NotebookApp] Saving file at /attack.ipynb
[I 21:37:12.026 NotebookApp] Starting buffering for b3efa4c9-c72d-4dbb-b88f-b13918008562:669e713ed9e646d2b6abd07c8683d808
[I 21:37:15.393 NotebookApp] Kernel restarted: b3efa4c9-c72d-4dbb-b88f-b13918008562
[I 21:37:15.437 NotebookApp] Restoring connection for b3efa4c9-c72d-4dbb-b88f-b13918008562:669e713ed9e646d2b6abd07c8683d808
[I 21:37:15.437 NotebookApp] Replaying 1 buffered messages
2024-11-06 21:37:18.335009: I tensorflow/core/platform/cpu_feature_guard.cc:193] This TensorFlow binary is optimized with oneAPI Deep Neural Network Library (oneDNN) to use the following CPU instructions in performance-critical operations:  AVX2 AVX512F AVX512_VNNI FMA
To enable them in other operations, rebuild TensorFlow with the appropriate compiler flags.
2024-11-06 21:37:18.413440: I tensorflow/core/util/port.cc:104] oneDNN custom operations are on. You may see slightly different numerical results due to floating-point round-off errors from different computation orders. To turn them off, set the environment variable `TF_ENABLE_ONEDNN_OPTS=0`.
2024-11-06 21:37:19.124402: W tensorflow/compiler/xla/stream_executor/platform/default/dso_loader.cc:64] Could not load dynamic library 'libnvinfer.so.7'; dlerror: libnvinfer.so.7: cannot open shared object file: No such file or directory; LD_LIBRARY_PATH: /local/java/cuda-11.6.0/lib64/:/local/java/cudnn-linux-x86_64-8.5.0.96_cuda11-archive/lib/:/local/java/cuda-12.6.2/lib64/:/local/java/cudnn-linux-x86_64-9.5.1.17_cuda12-archive/lib/:/modules/cs325/llvm-17.0.1/lib:/local/java/gcc-12.2.0/lib64
2024-11-06 21:37:19.124465: W tensorflow/compiler/xla/stream_executor/platform/default/dso_loader.cc:64] Could not load dynamic library 'libnvinfer_plugin.so.7'; dlerror: libnvinfer_plugin.so.7: cannot open shared object file: No such file or directory; LD_LIBRARY_PATH: /local/java/cuda-11.6.0/lib64/:/local/java/cudnn-linux-x86_64-8.5.0.96_cuda11-archive/lib/:/local/java/cuda-12.6.2/lib64/:/local/java/cudnn-linux-x86_64-9.5.1.17_cuda12-archive/lib/:/modules/cs325/llvm-17.0.1/lib:/local/java/gcc-12.2.0/lib64
2024-11-06 21:37:19.124470: W tensorflow/compiler/tf2tensorrt/utils/py_utils.cc:38] TF-TRT Warning: Cannot dlopen some TensorRT libraries. If you would like to use Nvidia GPU with TensorRT, please make sure the missing libraries mentioned above are installed properly.
[I 21:38:45.726 NotebookApp] Saving file at /attack.ipynb
[I 21:40:45.809 NotebookApp] Saving file at /attack.ipynb
[I 21:42:45.803 NotebookApp] Saving file at /attack.ipynb
[I 21:44:45.809 NotebookApp] Saving file at /attack.ipynb
[I 21:46:45.931 NotebookApp] Saving file at /attack.ipynb
[I 21:48:45.915 NotebookApp] Saving file at /attack.ipynb
[I 21:50:45.926 NotebookApp] Saving file at /attack.ipynb
Error: no DISPLAY environment variable specified
Error: no DISPLAY environment variable specified
xdg-open: no method available for opening '/tmp/dcs-tmp.u2102915/tmprafqlevi.PNG'
[I 21:52:46.140 NotebookApp] Saving file at /attack.ipynb
[I 21:53:42.803 NotebookApp] Starting buffering for b3efa4c9-c72d-4dbb-b88f-b13918008562:669e713ed9e646d2b6abd07c8683d808
[I 21:53:47.576 NotebookApp] Kernel restarted: b3efa4c9-c72d-4dbb-b88f-b13918008562
[I 21:53:47.639 NotebookApp] Restoring connection for b3efa4c9-c72d-4dbb-b88f-b13918008562:669e713ed9e646d2b6abd07c8683d808
[I 21:53:47.639 NotebookApp] Replaying 1 buffered messages
2024-11-06 21:53:51.823818: I tensorflow/core/platform/cpu_feature_guard.cc:193] This TensorFlow binary is optimized with oneAPI Deep Neural Network Library (oneDNN) to use the following CPU instructions in performance-critical operations:  AVX2 AVX512F AVX512_VNNI FMA
To enable them in other operations, rebuild TensorFlow with the appropriate compiler flags.
2024-11-06 21:53:51.901398: I tensorflow/core/util/port.cc:104] oneDNN custom operations are on. You may see slightly different numerical results due to floating-point round-off errors from different computation orders. To turn them off, set the environment variable `TF_ENABLE_ONEDNN_OPTS=0`.
2024-11-06 21:53:52.623019: W tensorflow/compiler/xla/stream_executor/platform/default/dso_loader.cc:64] Could not load dynamic library 'libnvinfer.so.7'; dlerror: libnvinfer.so.7: cannot open shared object file: No such file or directory; LD_LIBRARY_PATH: /local/java/cuda-11.6.0/lib64/:/local/java/cudnn-linux-x86_64-8.5.0.96_cuda11-archive/lib/:/local/java/cuda-12.6.2/lib64/:/local/java/cudnn-linux-x86_64-9.5.1.17_cuda12-archive/lib/:/modules/cs325/llvm-17.0.1/lib:/local/java/gcc-12.2.0/lib64
2024-11-06 21:53:52.623075: W tensorflow/compiler/xla/stream_executor/platform/default/dso_loader.cc:64] Could not load dynamic library 'libnvinfer_plugin.so.7'; dlerror: libnvinfer_plugin.so.7: cannot open shared object file: No such file or directory; LD_LIBRARY_PATH: /local/java/cuda-11.6.0/lib64/:/local/java/cudnn-linux-x86_64-8.5.0.96_cuda11-archive/lib/:/local/java/cuda-12.6.2/lib64/:/local/java/cudnn-linux-x86_64-9.5.1.17_cuda12-archive/lib/:/modules/cs325/llvm-17.0.1/lib:/local/java/gcc-12.2.0/lib64
2024-11-06 21:53:52.623079: W tensorflow/compiler/tf2tensorrt/utils/py_utils.cc:38] TF-TRT Warning: Cannot dlopen some TensorRT libraries. If you would like to use Nvidia GPU with TensorRT, please make sure the missing libraries mentioned above are installed properly.
[I 21:54:45.914 NotebookApp] Saving file at /attack.ipynb
[I 21:54:59.975 NotebookApp] Starting buffering for b3efa4c9-c72d-4dbb-b88f-b13918008562:669e713ed9e646d2b6abd07c8683d808
[I 21:55:02.903 NotebookApp] Kernel restarted: b3efa4c9-c72d-4dbb-b88f-b13918008562
[I 21:55:03.003 NotebookApp] Restoring connection for b3efa4c9-c72d-4dbb-b88f-b13918008562:669e713ed9e646d2b6abd07c8683d808
[I 21:55:04.009 NotebookApp] Replaying 3 buffered messages
2024-11-06 21:55:08.201704: I tensorflow/core/platform/cpu_feature_guard.cc:193] This TensorFlow binary is optimized with oneAPI Deep Neural Network Library (oneDNN) to use the following CPU instructions in performance-critical operations:  AVX2 AVX512F AVX512_VNNI FMA
To enable them in other operations, rebuild TensorFlow with the appropriate compiler flags.
2024-11-06 21:55:08.279753: I tensorflow/core/util/port.cc:104] oneDNN custom operations are on. You may see slightly different numerical results due to floating-point round-off errors from different computation orders. To turn them off, set the environment variable `TF_ENABLE_ONEDNN_OPTS=0`.
2024-11-06 21:55:09.013699: W tensorflow/compiler/xla/stream_executor/platform/default/dso_loader.cc:64] Could not load dynamic library 'libnvinfer.so.7'; dlerror: libnvinfer.so.7: cannot open shared object file: No such file or directory; LD_LIBRARY_PATH: /local/java/cuda-11.6.0/lib64/:/local/java/cudnn-linux-x86_64-8.5.0.96_cuda11-archive/lib/:/local/java/cuda-12.6.2/lib64/:/local/java/cudnn-linux-x86_64-9.5.1.17_cuda12-archive/lib/:/modules/cs325/llvm-17.0.1/lib:/local/java/gcc-12.2.0/lib64
2024-11-06 21:55:09.013756: W tensorflow/compiler/xla/stream_executor/platform/default/dso_loader.cc:64] Could not load dynamic library 'libnvinfer_plugin.so.7'; dlerror: libnvinfer_plugin.so.7: cannot open shared object file: No such file or directory; LD_LIBRARY_PATH: /local/java/cuda-11.6.0/lib64/:/local/java/cudnn-linux-x86_64-8.5.0.96_cuda11-archive/lib/:/local/java/cuda-12.6.2/lib64/:/local/java/cudnn-linux-x86_64-9.5.1.17_cuda12-archive/lib/:/modules/cs325/llvm-17.0.1/lib:/local/java/gcc-12.2.0/lib64
2024-11-06 21:55:09.013761: W tensorflow/compiler/tf2tensorrt/utils/py_utils.cc:38] TF-TRT Warning: Cannot dlopen some TensorRT libraries. If you would like to use Nvidia GPU with TensorRT, please make sure the missing libraries mentioned above are installed properly.
[I 21:55:42.453 NotebookApp] Starting buffering for b3efa4c9-c72d-4dbb-b88f-b13918008562:669e713ed9e646d2b6abd07c8683d808
[I 21:55:45.418 NotebookApp] Kernel restarted: b3efa4c9-c72d-4dbb-b88f-b13918008562
[I 21:55:45.457 NotebookApp] Restoring connection for b3efa4c9-c72d-4dbb-b88f-b13918008562:669e713ed9e646d2b6abd07c8683d808
[I 21:55:46.475 NotebookApp] Replaying 3 buffered messages
2024-11-06 21:55:51.024336: I tensorflow/core/platform/cpu_feature_guard.cc:193] This TensorFlow binary is optimized with oneAPI Deep Neural Network Library (oneDNN) to use the following CPU instructions in performance-critical operations:  AVX2 AVX512F AVX512_VNNI FMA
To enable them in other operations, rebuild TensorFlow with the appropriate compiler flags.
2024-11-06 21:55:51.100762: I tensorflow/core/util/port.cc:104] oneDNN custom operations are on. You may see slightly different numerical results due to floating-point round-off errors from different computation orders. To turn them off, set the environment variable `TF_ENABLE_ONEDNN_OPTS=0`.
2024-11-06 21:55:51.671025: W tensorflow/compiler/xla/stream_executor/platform/default/dso_loader.cc:64] Could not load dynamic library 'libnvinfer.so.7'; dlerror: libnvinfer.so.7: cannot open shared object file: No such file or directory; LD_LIBRARY_PATH: /local/java/cuda-11.6.0/lib64/:/local/java/cudnn-linux-x86_64-8.5.0.96_cuda11-archive/lib/:/local/java/cuda-12.6.2/lib64/:/local/java/cudnn-linux-x86_64-9.5.1.17_cuda12-archive/lib/:/modules/cs325/llvm-17.0.1/lib:/local/java/gcc-12.2.0/lib64
2024-11-06 21:55:51.671084: W tensorflow/compiler/xla/stream_executor/platform/default/dso_loader.cc:64] Could not load dynamic library 'libnvinfer_plugin.so.7'; dlerror: libnvinfer_plugin.so.7: cannot open shared object file: No such file or directory; LD_LIBRARY_PATH: /local/java/cuda-11.6.0/lib64/:/local/java/cudnn-linux-x86_64-8.5.0.96_cuda11-archive/lib/:/local/java/cuda-12.6.2/lib64/:/local/java/cudnn-linux-x86_64-9.5.1.17_cuda12-archive/lib/:/modules/cs325/llvm-17.0.1/lib:/local/java/gcc-12.2.0/lib64
2024-11-06 21:55:51.671089: W tensorflow/compiler/tf2tensorrt/utils/py_utils.cc:38] TF-TRT Warning: Cannot dlopen some TensorRT libraries. If you would like to use Nvidia GPU with TensorRT, please make sure the missing libraries mentioned above are installed properly.
[I 21:56:21.757 NotebookApp] Starting buffering for b3efa4c9-c72d-4dbb-b88f-b13918008562:669e713ed9e646d2b6abd07c8683d808
[I 21:56:24.926 NotebookApp] Kernel restarted: b3efa4c9-c72d-4dbb-b88f-b13918008562
[I 21:56:24.967 NotebookApp] Restoring connection for b3efa4c9-c72d-4dbb-b88f-b13918008562:669e713ed9e646d2b6abd07c8683d808
[I 21:56:25.690 NotebookApp] Replaying 3 buffered messages
2024-11-06 21:56:27.490951: I tensorflow/core/platform/cpu_feature_guard.cc:193] This TensorFlow binary is optimized with oneAPI Deep Neural Network Library (oneDNN) to use the following CPU instructions in performance-critical operations:  AVX2 AVX512F AVX512_VNNI FMA
To enable them in other operations, rebuild TensorFlow with the appropriate compiler flags.
2024-11-06 21:56:27.568837: I tensorflow/core/util/port.cc:104] oneDNN custom operations are on. You may see slightly different numerical results due to floating-point round-off errors from different computation orders. To turn them off, set the environment variable `TF_ENABLE_ONEDNN_OPTS=0`.
2024-11-06 21:56:28.255039: W tensorflow/compiler/xla/stream_executor/platform/default/dso_loader.cc:64] Could not load dynamic library 'libnvinfer.so.7'; dlerror: libnvinfer.so.7: cannot open shared object file: No such file or directory; LD_LIBRARY_PATH: /local/java/cuda-11.6.0/lib64/:/local/java/cudnn-linux-x86_64-8.5.0.96_cuda11-archive/lib/:/local/java/cuda-12.6.2/lib64/:/local/java/cudnn-linux-x86_64-9.5.1.17_cuda12-archive/lib/:/modules/cs325/llvm-17.0.1/lib:/local/java/gcc-12.2.0/lib64
2024-11-06 21:56:28.255098: W tensorflow/compiler/xla/stream_executor/platform/default/dso_loader.cc:64] Could not load dynamic library 'libnvinfer_plugin.so.7'; dlerror: libnvinfer_plugin.so.7: cannot open shared object file: No such file or directory; LD_LIBRARY_PATH: /local/java/cuda-11.6.0/lib64/:/local/java/cudnn-linux-x86_64-8.5.0.96_cuda11-archive/lib/:/local/java/cuda-12.6.2/lib64/:/local/java/cudnn-linux-x86_64-9.5.1.17_cuda12-archive/lib/:/modules/cs325/llvm-17.0.1/lib:/local/java/gcc-12.2.0/lib64
2024-11-06 21:56:28.255102: W tensorflow/compiler/tf2tensorrt/utils/py_utils.cc:38] TF-TRT Warning: Cannot dlopen some TensorRT libraries. If you would like to use Nvidia GPU with TensorRT, please make sure the missing libraries mentioned above are installed properly.
[I 21:56:45.905 NotebookApp] Saving file at /attack.ipynb
[I 21:58:45.919 NotebookApp] Saving file at /attack.ipynb
[I 22:00:46.002 NotebookApp] Saving file at /attack.ipynb
[I 22:02:46.119 NotebookApp] Saving file at /attack.ipynb
[I 22:04:46.097 NotebookApp] Saving file at /attack.ipynb
[I 22:06:46.192 NotebookApp] Saving file at /attack.ipynb
[I 22:08:46.198 NotebookApp] Saving file at /attack.ipynb
Error: no DISPLAY environment variable specified
Error: no DISPLAY environment variable specified
xdg-open: no method available for opening '/tmp/dcs-tmp.u2102915/tmprlmnpw6d.PNG'
[I 22:10:46.388 NotebookApp] Saving file at /attack.ipynb
Error: no DISPLAY environment variable specified
Error: no DISPLAY environment variable specified
xdg-open: no method available for opening '/tmp/dcs-tmp.u2102915/tmpbelwzva1.PNG'
[I 22:12:46.388 NotebookApp] Saving file at /attack.ipynb
[I 22:13:08.424 NotebookApp] Starting buffering for b3efa4c9-c72d-4dbb-b88f-b13918008562:669e713ed9e646d2b6abd07c8683d808
[I 22:13:11.957 NotebookApp] Kernel restarted: b3efa4c9-c72d-4dbb-b88f-b13918008562
[I 22:13:12.041 NotebookApp] Restoring connection for b3efa4c9-c72d-4dbb-b88f-b13918008562:669e713ed9e646d2b6abd07c8683d808
[I 22:13:12.042 NotebookApp] Replaying 1 buffered messages
2024-11-06 22:13:14.619309: I tensorflow/core/platform/cpu_feature_guard.cc:193] This TensorFlow binary is optimized with oneAPI Deep Neural Network Library (oneDNN) to use the following CPU instructions in performance-critical operations:  AVX2 AVX512F AVX512_VNNI FMA
To enable them in other operations, rebuild TensorFlow with the appropriate compiler flags.
2024-11-06 22:13:14.697271: I tensorflow/core/util/port.cc:104] oneDNN custom operations are on. You may see slightly different numerical results due to floating-point round-off errors from different computation orders. To turn them off, set the environment variable `TF_ENABLE_ONEDNN_OPTS=0`.
2024-11-06 22:13:15.412890: W tensorflow/compiler/xla/stream_executor/platform/default/dso_loader.cc:64] Could not load dynamic library 'libnvinfer.so.7'; dlerror: libnvinfer.so.7: cannot open shared object file: No such file or directory; LD_LIBRARY_PATH: /local/java/cuda-11.6.0/lib64/:/local/java/cudnn-linux-x86_64-8.5.0.96_cuda11-archive/lib/:/local/java/cuda-12.6.2/lib64/:/local/java/cudnn-linux-x86_64-9.5.1.17_cuda12-archive/lib/:/modules/cs325/llvm-17.0.1/lib:/local/java/gcc-12.2.0/lib64
2024-11-06 22:13:15.413106: W tensorflow/compiler/xla/stream_executor/platform/default/dso_loader.cc:64] Could not load dynamic library 'libnvinfer_plugin.so.7'; dlerror: libnvinfer_plugin.so.7: cannot open shared object file: No such file or directory; LD_LIBRARY_PATH: /local/java/cuda-11.6.0/lib64/:/local/java/cudnn-linux-x86_64-8.5.0.96_cuda11-archive/lib/:/local/java/cuda-12.6.2/lib64/:/local/java/cudnn-linux-x86_64-9.5.1.17_cuda12-archive/lib/:/modules/cs325/llvm-17.0.1/lib:/local/java/gcc-12.2.0/lib64
2024-11-06 22:13:15.413111: W tensorflow/compiler/tf2tensorrt/utils/py_utils.cc:38] TF-TRT Warning: Cannot dlopen some TensorRT libraries. If you would like to use Nvidia GPU with TensorRT, please make sure the missing libraries mentioned above are installed properly.
[I 22:14:46.198 NotebookApp] Saving file at /attack.ipynb
[I 22:16:46.197 NotebookApp] Saving file at /attack.ipynb
[I 22:18:46.206 NotebookApp] Saving file at /attack.ipynb
[I 22:20:46.222 NotebookApp] Saving file at /attack.ipynb
[I 22:22:46.201 NotebookApp] Saving file at /attack.ipynb
[I 22:24:46.205 NotebookApp] Saving file at /attack.ipynb
[I 22:26:46.211 NotebookApp] Saving file at /attack.ipynb
Error: no DISPLAY environment variable specified
Error: no DISPLAY environment variable specified
xdg-open: no method available for opening '/tmp/dcs-tmp.u2102915/tmpe09_gy68.PNG'
[I 22:28:46.593 NotebookApp] Saving file at /attack.ipynb
[W 22:31:42.042 NotebookApp] WebSocket ping timeout after 119883 ms.
[I 22:31:47.045 NotebookApp] Starting buffering for b3efa4c9-c72d-4dbb-b88f-b13918008562:669e713ed9e646d2b6abd07c8683d808
[I 22:59:22.318 NotebookApp] Kernel restarted: b3efa4c9-c72d-4dbb-b88f-b13918008562
[I 22:59:22.407 NotebookApp] Restoring connection for b3efa4c9-c72d-4dbb-b88f-b13918008562:669e713ed9e646d2b6abd07c8683d808
[I 22:59:23.647 NotebookApp] Replaying 1 buffered messages
[I 22:59:25.974 NotebookApp] Saving file at /attack.ipynb
2024-11-06 22:59:26.725224: I tensorflow/core/platform/cpu_feature_guard.cc:193] This TensorFlow binary is optimized with oneAPI Deep Neural Network Library (oneDNN) to use the following CPU instructions in performance-critical operations:  AVX2 AVX512F AVX512_VNNI FMA
To enable them in other operations, rebuild TensorFlow with the appropriate compiler flags.
2024-11-06 22:59:26.803197: I tensorflow/core/util/port.cc:104] oneDNN custom operations are on. You may see slightly different numerical results due to floating-point round-off errors from different computation orders. To turn them off, set the environment variable `TF_ENABLE_ONEDNN_OPTS=0`.
2024-11-06 22:59:27.559605: W tensorflow/compiler/xla/stream_executor/platform/default/dso_loader.cc:64] Could not load dynamic library 'libnvinfer.so.7'; dlerror: libnvinfer.so.7: cannot open shared object file: No such file or directory; LD_LIBRARY_PATH: /local/java/cuda-11.6.0/lib64/:/local/java/cudnn-linux-x86_64-8.5.0.96_cuda11-archive/lib/:/local/java/cuda-12.6.2/lib64/:/local/java/cudnn-linux-x86_64-9.5.1.17_cuda12-archive/lib/:/modules/cs325/llvm-17.0.1/lib:/local/java/gcc-12.2.0/lib64
2024-11-06 22:59:27.559657: W tensorflow/compiler/xla/stream_executor/platform/default/dso_loader.cc:64] Could not load dynamic library 'libnvinfer_plugin.so.7'; dlerror: libnvinfer_plugin.so.7: cannot open shared object file: No such file or directory; LD_LIBRARY_PATH: /local/java/cuda-11.6.0/lib64/:/local/java/cudnn-linux-x86_64-8.5.0.96_cuda11-archive/lib/:/local/java/cuda-12.6.2/lib64/:/local/java/cudnn-linux-x86_64-9.5.1.17_cuda12-archive/lib/:/modules/cs325/llvm-17.0.1/lib:/local/java/gcc-12.2.0/lib64
2024-11-06 22:59:27.559661: W tensorflow/compiler/tf2tensorrt/utils/py_utils.cc:38] TF-TRT Warning: Cannot dlopen some TensorRT libraries. If you would like to use Nvidia GPU with TensorRT, please make sure the missing libraries mentioned above are installed properly.
[I 23:01:25.996 NotebookApp] Saving file at /attack.ipynb
[I 23:03:26.007 NotebookApp] Saving file at /attack.ipynb
[I 23:05:26.002 NotebookApp] Saving file at /attack.ipynb
[I 23:07:26.000 NotebookApp] Saving file at /attack.ipynb
[I 23:09:26.042 NotebookApp] Saving file at /attack.ipynb
[I 23:11:26.009 NotebookApp] Saving file at /attack.ipynb
[I 23:13:25.989 NotebookApp] Saving file at /attack.ipynb
Error: no DISPLAY environment variable specified
Error: no DISPLAY environment variable specified
xdg-open: no method available for opening '/tmp/dcs-tmp.u2102915/tmpk6_g4b66.PNG'
[I 23:15:26.745 NotebookApp] Saving file at /attack.ipynb
[I 23:23:26.743 NotebookApp] Saving file at /attack.ipynb
slurmstepd: error: *** JOB 991924 ON falcon-03 CANCELLED AT 2024-11-06T23:23:36 ***
